<?xml version="1.0" encoding="UTF-8"?>
<testng-results skipped="0" failed="0" total="1" passed="1">
  <reporter-output>
  </reporter-output>
  <suite name="Default suite" duration-ms="14504" started-at="2014-03-16T09:18:13Z" finished-at="2014-03-16T09:18:27Z">
    <groups>
    </groups>
    <test name="Default test" duration-ms="14504" started-at="2014-03-16T09:18:13Z" finished-at="2014-03-16T09:18:27Z">
      <class name="com.example.tests.AddContactTests">
        <test-method status="PASS" signature="setUp()[pri:0, instance:com.example.tests.AddContactTests@f9f1aa5]" name="setUp" is-config="true" duration-ms="10128" started-at="2014-03-16T13:18:13Z" finished-at="2014-03-16T13:18:23Z">
          <reporter-output>
          </reporter-output>
        </test-method> <!-- setUp -->
        <test-method status="PASS" signature="testNonEmptyContactCreation()[pri:0, instance:com.example.tests.AddContactTests@f9f1aa5]" name="testNonEmptyContactCreation" duration-ms="4093" started-at="2014-03-16T13:18:23Z" finished-at="2014-03-16T13:18:27Z">
          <reporter-output>
          </reporter-output>
        </test-method> <!-- testNonEmptyContactCreation -->
        <test-method status="PASS" signature="tearDown()[pri:0, instance:com.example.tests.AddContactTests@f9f1aa5]" name="tearDown" is-config="true" duration-ms="268" started-at="2014-03-16T13:18:27Z" finished-at="2014-03-16T13:18:27Z">
          <reporter-output>
          </reporter-output>
        </test-method> <!-- tearDown -->
      </class> <!-- com.example.tests.AddContactTests -->
    </test> <!-- Default test -->
  </suite> <!-- Default suite -->
</testng-results>
