<?xml version="1.0" encoding="UTF-8"?>
<testng-results skipped="0" failed="0" total="2" passed="2">
  <reporter-output>
  </reporter-output>
  <suite name="Default suite" duration-ms="95528" started-at="2014-03-04T13:23:06Z" finished-at="2014-03-04T13:24:42Z">
    <groups>
    </groups>
    <test name="Default test" duration-ms="95528" started-at="2014-03-04T13:23:06Z" finished-at="2014-03-04T13:24:42Z">
      <class name="com.example.tests.GroupCreationTests">
        <test-method status="PASS" signature="setUp()[pri:0, instance:com.example.tests.GroupCreationTests@571f0759]" name="setUp" is-config="true" duration-ms="91703" started-at="2014-03-04T17:23:06Z" finished-at="2014-03-04T17:24:38Z">
          <reporter-output>
          </reporter-output>
        </test-method> <!-- setUp -->
        <test-method status="PASS" signature="testEmptyGroupCreation()[pri:0, instance:com.example.tests.GroupCreationTests@571f0759]" name="testEmptyGroupCreation" duration-ms="2150" started-at="2014-03-04T17:24:38Z" finished-at="2014-03-04T17:24:40Z">
          <reporter-output>
          </reporter-output>
        </test-method> <!-- testEmptyGroupCreation -->
        <test-method status="PASS" signature="testNonEmptyGroupCreation()[pri:0, instance:com.example.tests.GroupCreationTests@571f0759]" name="testNonEmptyGroupCreation" duration-ms="1430" started-at="2014-03-04T17:24:40Z" finished-at="2014-03-04T17:24:41Z">
          <reporter-output>
          </reporter-output>
        </test-method> <!-- testNonEmptyGroupCreation -->
        <test-method status="PASS" signature="tearDown()[pri:0, instance:com.example.tests.GroupCreationTests@571f0759]" name="tearDown" is-config="true" duration-ms="226" started-at="2014-03-04T17:24:41Z" finished-at="2014-03-04T17:24:42Z">
          <reporter-output>
          </reporter-output>
        </test-method> <!-- tearDown -->
      </class> <!-- com.example.tests.GroupCreationTests -->
    </test> <!-- Default test -->
  </suite> <!-- Default suite -->
</testng-results>
